<?xml version="1.0" encoding="UTF-8"?>
<!-- Generated by org.testng.reporters.JUnitReportReporter -->
<testsuite skipped="0" hostname="NGL010915" name="com.sf.qa.tests.LeadsPageTest" tests="1" failures="0" timestamp="25 May 2020 08:34:52 GMT" time="172.001" errors="0">
  <testcase name="salutationPicklistValuesTest" time="172.001" classname="com.sf.qa.tests.LeadsPageTest"/>
</testsuite> <!-- com.sf.qa.tests.LeadsPageTest -->
