<?xml version="1.0" encoding="UTF-8"?>
<!-- Generated by org.testng.reporters.JUnitReportReporter -->
<testsuite skipped="0" hostname="NGL010915" name="com.sf.qa.tests.HomePageTest" tests="3" failures="0" timestamp="21 May 2020 07:43:12 GMT" time="367.775" errors="0">
  <testcase name="homePageTitleTest" time="122.388" classname="com.sf.qa.tests.HomePageTest"/>
  <testcase name="assistantLabelTest" time="123.021" classname="com.sf.qa.tests.HomePageTest"/>
  <testcase name="leadTabTest" time="122.366" classname="com.sf.qa.tests.HomePageTest"/>
</testsuite> <!-- com.sf.qa.tests.HomePageTest -->
