<?xml version="1.0" encoding="UTF-8"?>
<!-- Generated by org.testng.reporters.JUnitReportReporter -->
<testsuite skipped="0" hostname="NGL010915" name="com.sf.qa.tests.AccountsPageTest" tests="1" failures="0" timestamp="06 Jun 2020 12:31:59 GMT" time="46.688" errors="0">
  <testcase name="pageHeadeAccountsTest" time="46.688" classname="com.sf.qa.tests.AccountsPageTest"/>
</testsuite> <!-- com.sf.qa.tests.AccountsPageTest -->
