<?xml version="1.0" encoding="UTF-8"?>
<!-- Generated by org.testng.reporters.JUnitReportReporter -->
<testsuite skipped="0" hostname="NGL010915" name="com.sf.qa.tests.DataProviderTest" tests="1" failures="0" timestamp="05 Jun 2020 12:28:23 GMT" time="97.668" errors="0">
  <testcase name="createNewOpportunityOnAccountTest" time="97.668" classname="com.sf.qa.tests.DataProviderTest"/>
</testsuite> <!-- com.sf.qa.tests.DataProviderTest -->
