<?xml version="1.0" encoding="UTF-8"?>
<!-- Generated by org.testng.reporters.JUnitReportReporter -->
<testsuite skipped="0" hostname="NGL010915" name="com.sf.qa.testdata.LeadsPageTest" tests="1" failures="0" timestamp="20 May 2020 12:45:21 GMT" time="128.712" errors="0">
  <testcase name="createNewLeadTest" time="128.712" classname="com.sf.qa.testdata.LeadsPageTest"/>
</testsuite> <!-- com.sf.qa.testdata.LeadsPageTest -->
