<?xml version="1.0" encoding="UTF-8"?>
<!-- Generated by org.testng.reporters.JUnitReportReporter -->
<testsuite skipped="0" hostname="NGL010915" name="com.sf.qa.testdata.LoginPageTest" tests="3" failures="0" timestamp="20 May 2020 10:31:28 GMT" time="60.231" errors="0">
  <testcase name="loginPageTitleTest" time="16.423" classname="com.sf.qa.testdata.LoginPageTest"/>
  <testcase name="sfLogoTest" time="18.683" classname="com.sf.qa.testdata.LoginPageTest"/>
  <testcase name="loginTest" time="25.125" classname="com.sf.qa.testdata.LoginPageTest"/>
</testsuite> <!-- com.sf.qa.testdata.LoginPageTest -->
