<?xml version="1.0" encoding="UTF-8"?>
<!-- Generated by org.testng.reporters.JUnitReportReporter -->
<testsuite skipped="0" hostname="NGL010915" name="com.sf.qa.tests.LoginPageTest" tests="3" failures="0" timestamp="21 May 2020 07:43:12 GMT" time="49.786" errors="0">
  <testcase name="loginPageTitleTest" time="13.785" classname="com.sf.qa.tests.LoginPageTest"/>
  <testcase name="sfLogoTest" time="16.061" classname="com.sf.qa.tests.LoginPageTest"/>
  <testcase name="loginTest" time="19.940" classname="com.sf.qa.tests.LoginPageTest"/>
</testsuite> <!-- com.sf.qa.tests.LoginPageTest -->
