<?xml version="1.0" encoding="UTF-8"?>
<!-- Generated by org.testng.reporters.JUnitReportReporter -->
<testsuite skipped="0" hostname="NGL010915" name="com.sf.qa.tests.HomePageTest" tests="3" failures="0" timestamp="22 May 2020 13:41:57 GMT" time="394.785" errors="0">
  <testcase name="homePageTitleTest" time="148.431" classname="com.sf.qa.tests.HomePageTest"/>
  <testcase name="assistantLabelTest" time="125.176" classname="com.sf.qa.tests.HomePageTest"/>
  <testcase name="leadTabTest" time="121.178" classname="com.sf.qa.tests.HomePageTest"/>
</testsuite> <!-- com.sf.qa.tests.HomePageTest -->
