<?xml version="1.0" encoding="UTF-8"?>
<!-- Generated by org.testng.reporters.JUnitReportReporter -->
<testsuite skipped="0" hostname="NGL010915" name="com.sf.qa.tests.ColesLoginPageTest" tests="5" failures="0" timestamp="08 Jun 2020 09:24:17 GMT" time="68.773" errors="0">
  <testcase name="verifyLoginPageTitleTest" time="12.154" classname="com.sf.qa.tests.ColesLoginPageTest"/>
  <testcase name="verifySalesforceLogoTest" time="11.784" classname="com.sf.qa.tests.ColesLoginPageTest"/>
  <testcase name="verifyForgotPasswordLinkTest" time="13.911" classname="com.sf.qa.tests.ColesLoginPageTest"/>
  <testcase name="verifyRemembermeCheckboxTest" time="11.944" classname="com.sf.qa.tests.ColesLoginPageTest"/>
  <testcase name="verifyUserLoginTest" time="18.980" classname="com.sf.qa.tests.ColesLoginPageTest"/>
</testsuite> <!-- com.sf.qa.tests.ColesLoginPageTest -->
