<?xml version="1.0" encoding="UTF-8"?>
<!-- Generated by org.testng.reporters.JUnitReportReporter -->
<testsuite skipped="0" hostname="NGL010915" name="com.sf.qa.tests.LeadsPageTest" tests="1" failures="0" timestamp="30 May 2020 06:28:18 GMT" time="193.671" errors="0">
  <testcase name="changeLeadStatusToConvertedUsingPathLinkTest" time="193.671" classname="com.sf.qa.tests.LeadsPageTest"/>
</testsuite> <!-- com.sf.qa.tests.LeadsPageTest -->
