<?xml version="1.0" encoding="UTF-8"?>
<!-- Generated by org.testng.reporters.JUnitReportReporter -->
<testsuite skipped="0" hostname="NGL010915" name="com.sf.qa.tests.AccountsPageTest" tests="1" failures="0" timestamp="29 May 2020 12:50:40 GMT" time="149.632" errors="0">
  <testcase name="createNewAccountTest" time="149.632" classname="com.sf.qa.tests.AccountsPageTest"/>
</testsuite> <!-- com.sf.qa.tests.AccountsPageTest -->
