<?xml version="1.0" encoding="UTF-8"?>
<!-- Generated by org.testng.reporters.JUnitReportReporter -->
<testsuite skipped="0" hostname="NGL010915" name="com.sf.qa.tests.HomePageTest" tests="1" failures="0" timestamp="06 Jun 2020 12:24:17 GMT" time="80.318" errors="0">
  <testcase name="homePageLoadTime" time="80.318" classname="com.sf.qa.tests.HomePageTest"/>
</testsuite> <!-- com.sf.qa.tests.HomePageTest -->
