<?xml version="1.0" encoding="UTF-8"?>
<!-- Generated by org.testng.reporters.JUnitReportReporter -->
<testsuite skipped="0" hostname="NGL010915" name="com.sf.qa.testdata.HomePageTest" tests="3" failures="0" timestamp="20 May 2020 10:31:28 GMT" time="456.337" errors="0">
  <testcase name="homePageTitleTest" time="209.979" classname="com.sf.qa.testdata.HomePageTest"/>
  <testcase name="assistantLabelTest" time="123.491" classname="com.sf.qa.testdata.HomePageTest"/>
  <testcase name="leadTabTest" time="122.867" classname="com.sf.qa.testdata.HomePageTest"/>
</testsuite> <!-- com.sf.qa.testdata.HomePageTest -->
