<?xml version="1.0" encoding="UTF-8"?>
<!-- Generated by org.testng.reporters.JUnitReportReporter -->
<testsuite skipped="0" hostname="NGL010915" name="com.sf.qa.tests.LoginPageTest" tests="3" failures="0" timestamp="22 May 2020 13:41:57 GMT" time="54.058" errors="0">
  <testcase name="loginPageTitleTest" time="13.338" classname="com.sf.qa.tests.LoginPageTest"/>
  <testcase name="sfLogoTest" time="19.293" classname="com.sf.qa.tests.LoginPageTest"/>
  <testcase name="loginTest" time="21.427" classname="com.sf.qa.tests.LoginPageTest"/>
</testsuite> <!-- com.sf.qa.tests.LoginPageTest -->
