<?xml version="1.0" encoding="UTF-8"?>
<!-- Generated by org.testng.reporters.JUnitReportReporter -->
<testsuite skipped="0" hostname="NGL010915" name="com.sf.qa.tests.AccountsPageTest" tests="1" failures="0" timestamp="03 Jun 2020 10:38:25 GMT" time="205.694" errors="0">
  <testcase name="createNewOpportunityOnAccountTest" time="205.694" classname="com.sf.qa.tests.AccountsPageTest"/>
</testsuite> <!-- com.sf.qa.tests.AccountsPageTest -->
