<?xml version="1.0" encoding="UTF-8"?>
<!-- Generated by org.testng.reporters.JUnitReportReporter -->
<testsuite skipped="0" hostname="NGL010915" name="com.sf.qa.tests.OpportunitiesPageTest" tests="1" failures="0" timestamp="30 May 2020 11:54:44 GMT" time="0.007" errors="0">
  <testcase name="normalMethod" time="0.007" classname="com.sf.qa.tests.OpportunitiesPageTest"/>
</testsuite> <!-- com.sf.qa.tests.OpportunitiesPageTest -->
