<?xml version="1.0" encoding="UTF-8"?>
<!-- Generated by org.testng.reporters.JUnitReportReporter -->
<testsuite skipped="0" hostname="NGL010915" name="com.sf.qa.tests.ContactsPageTest" tests="1" failures="0" timestamp="03 Jun 2020 04:15:49 GMT" time="0.103" errors="0">
  <testcase name="newDate" time="0.103" classname="com.sf.qa.tests.ContactsPageTest"/>
</testsuite> <!-- com.sf.qa.tests.ContactsPageTest -->
