<?xml version="1.0" encoding="UTF-8"?>
<!-- Generated by org.testng.reporters.JUnitReportReporter -->
<testsuite skipped="0" hostname="NGL010915" name="com.sf.qa.tests.sampleTest" tests="1" failures="0" timestamp="03 Jun 2020 11:01:46 GMT" time="0.035" errors="0">
  <testcase name="newDate" time="0.035" classname="com.sf.qa.tests.sampleTest"/>
</testsuite> <!-- com.sf.qa.tests.sampleTest -->
